<?xml version="1.0" encoding="UTF-8"?>
<!-- Generated by org.testng.reporters.JUnitXMLReporter -->
<testsuite hostname="DESKTOP-S2ELRE8" ignored="0" name="BankingApp Test" tests="3" failures="0" timestamp="26 Dec 2018 14:22:53 GMT" time="74.963" errors="0">
  <testcase name="loginTest" time="3.624" classname="com.inetbanking.testCases.TC_LoginTest_001"/>
  <testcase name="addNewCustomer" time="20.084" classname="com.inetbanking.testCases.TC_AddCustomerTest_003"/>
  <testcase name="seleniumtologin" time="18.067" classname="com.inetbanking.testCases.TC_SeleniumLogin_004"/>
</testsuite> <!-- BankingApp Test -->
