<?xml version="1.0" encoding="UTF-8"?>
<!-- Generated by org.testng.reporters.JUnitXMLReporter -->
<testsuite hostname="DESKTOP-S2ELRE8" ignored="0" name="BankingApp Test" tests="3" failures="0" timestamp="25 Dec 2018 18:19:57 GMT" time="68.5" errors="0">
  <testcase name="loginTest" time="2.941" classname="com.inetbanking.testCases.TC_LoginTest_001"/>
  <testcase name="addNewCustomer" time="19.477" classname="com.inetbanking.testCases.TC_AddCustomerTest_003"/>
  <testcase name="seleniumtologin" time="16.488" classname="com.inetbanking.testCases.TC_SeleniumLogin_004"/>
</testsuite> <!-- BankingApp Test -->
