<?xml version="1.0" encoding="UTF-8"?>
<testng-results skipped="0" failed="0" ignored="0" total="3" passed="3">
  <reporter-output>
  </reporter-output>
  <suite name="InetBankingV1" duration-ms="68500" started-at="2018-12-25T18:18:48Z" finished-at="2018-12-25T18:19:57Z">
    <groups>
    </groups>
    <test name="BankingApp Test" duration-ms="68500" started-at="2018-12-25T18:18:48Z" finished-at="2018-12-25T18:19:57Z">
      <class name="com.inetbanking.testCases.TC_LoginTest_001">
        <test-method status="PASS" signature="setup(java.lang.String)[pri:0, instance:com.inetbanking.testCases.TC_LoginTest_001@3d24753a]" name="setup" is-config="true" duration-ms="9634" started-at="2018-12-25T18:18:49Z" finished-at="2018-12-25T18:18:58Z">
          <params>
            <param index="0">
              <value>
                <![CDATA[chrome]]>
              </value>
            </param>
          </params>
          <reporter-output>
          </reporter-output>
        </test-method> <!-- setup -->
        <test-method status="PASS" signature="loginTest()[pri:0, instance:com.inetbanking.testCases.TC_LoginTest_001@3d24753a]" name="loginTest" duration-ms="2941" started-at="2018-12-25T18:18:58Z" finished-at="2018-12-25T18:19:01Z">
          <reporter-output>
          </reporter-output>
        </test-method> <!-- loginTest -->
        <test-method status="PASS" signature="tearDown()[pri:0, instance:com.inetbanking.testCases.TC_LoginTest_001@3d24753a]" name="tearDown" is-config="true" duration-ms="712" started-at="2018-12-25T18:19:01Z" finished-at="2018-12-25T18:19:02Z">
          <reporter-output>
          </reporter-output>
        </test-method> <!-- tearDown -->
      </class> <!-- com.inetbanking.testCases.TC_LoginTest_001 -->
      <class name="com.inetbanking.testCases.TC_AddCustomerTest_003">
        <test-method status="PASS" signature="setup(java.lang.String)[pri:0, instance:com.inetbanking.testCases.TC_AddCustomerTest_003@59a6e353]" name="setup" is-config="true" duration-ms="8668" started-at="2018-12-25T18:19:02Z" finished-at="2018-12-25T18:19:11Z">
          <params>
            <param index="0">
              <value>
                <![CDATA[chrome]]>
              </value>
            </param>
          </params>
          <reporter-output>
          </reporter-output>
        </test-method> <!-- setup -->
        <test-method status="PASS" signature="addNewCustomer()[pri:0, instance:com.inetbanking.testCases.TC_AddCustomerTest_003@59a6e353]" name="addNewCustomer" duration-ms="19477" started-at="2018-12-25T18:19:11Z" finished-at="2018-12-25T18:19:30Z">
          <reporter-output>
          </reporter-output>
        </test-method> <!-- addNewCustomer -->
        <test-method status="PASS" signature="tearDown()[pri:0, instance:com.inetbanking.testCases.TC_AddCustomerTest_003@59a6e353]" name="tearDown" is-config="true" duration-ms="752" started-at="2018-12-25T18:19:30Z" finished-at="2018-12-25T18:19:31Z">
          <reporter-output>
          </reporter-output>
        </test-method> <!-- tearDown -->
      </class> <!-- com.inetbanking.testCases.TC_AddCustomerTest_003 -->
      <class name="com.inetbanking.testCases.TC_SeleniumLogin_004">
        <test-method status="PASS" signature="setup(java.lang.String)[pri:0, instance:com.inetbanking.testCases.TC_SeleniumLogin_004@7a0ac6e3]" name="setup" is-config="true" duration-ms="8712" started-at="2018-12-25T18:19:31Z" finished-at="2018-12-25T18:19:40Z">
          <params>
            <param index="0">
              <value>
                <![CDATA[chrome]]>
              </value>
            </param>
          </params>
          <reporter-output>
          </reporter-output>
        </test-method> <!-- setup -->
        <test-method status="PASS" signature="seleniumtologin()[pri:0, instance:com.inetbanking.testCases.TC_SeleniumLogin_004@7a0ac6e3]" name="seleniumtologin" duration-ms="16488" started-at="2018-12-25T18:19:40Z" finished-at="2018-12-25T18:19:56Z">
          <reporter-output>
          </reporter-output>
        </test-method> <!-- seleniumtologin -->
        <test-method status="PASS" signature="tearDown()[pri:0, instance:com.inetbanking.testCases.TC_SeleniumLogin_004@7a0ac6e3]" name="tearDown" is-config="true" duration-ms="746" started-at="2018-12-25T18:19:56Z" finished-at="2018-12-25T18:19:57Z">
          <reporter-output>
          </reporter-output>
        </test-method> <!-- tearDown -->
      </class> <!-- com.inetbanking.testCases.TC_SeleniumLogin_004 -->
    </test> <!-- BankingApp Test -->
  </suite> <!-- InetBankingV1 -->
</testng-results>
