<?xml version="1.0" encoding="UTF-8"?>
<testng-results skipped="0" failed="0" ignored="0" total="3" passed="3">
  <reporter-output>
  </reporter-output>
  <suite name="InetBankingV1" duration-ms="74963" started-at="2018-12-26T14:21:38Z" finished-at="2018-12-26T14:22:53Z">
    <groups>
    </groups>
    <test name="BankingApp Test" duration-ms="74963" started-at="2018-12-26T14:21:38Z" finished-at="2018-12-26T14:22:53Z">
      <class name="com.inetbanking.testCases.TC_LoginTest_001">
        <test-method status="PASS" signature="setup(java.lang.String)[pri:0, instance:com.inetbanking.testCases.TC_LoginTest_001@4667ae56]" name="setup" is-config="true" duration-ms="11571" started-at="2018-12-26T14:21:39Z" finished-at="2018-12-26T14:21:50Z">
          <params>
            <param index="0">
              <value>
                <![CDATA[chrome]]>
              </value>
            </param>
          </params>
          <reporter-output>
          </reporter-output>
        </test-method> <!-- setup -->
        <test-method status="PASS" signature="loginTest()[pri:0, instance:com.inetbanking.testCases.TC_LoginTest_001@4667ae56]" name="loginTest" duration-ms="3624" started-at="2018-12-26T14:21:50Z" finished-at="2018-12-26T14:21:54Z">
          <reporter-output>
          </reporter-output>
        </test-method> <!-- loginTest -->
        <test-method status="PASS" signature="tearDown()[pri:0, instance:com.inetbanking.testCases.TC_LoginTest_001@4667ae56]" name="tearDown" is-config="true" duration-ms="710" started-at="2018-12-26T14:21:54Z" finished-at="2018-12-26T14:21:55Z">
          <reporter-output>
          </reporter-output>
        </test-method> <!-- tearDown -->
      </class> <!-- com.inetbanking.testCases.TC_LoginTest_001 -->
      <class name="com.inetbanking.testCases.TC_AddCustomerTest_003">
        <test-method status="PASS" signature="setup(java.lang.String)[pri:0, instance:com.inetbanking.testCases.TC_AddCustomerTest_003@77cd7a0]" name="setup" is-config="true" duration-ms="9219" started-at="2018-12-26T14:21:55Z" finished-at="2018-12-26T14:22:04Z">
          <params>
            <param index="0">
              <value>
                <![CDATA[chrome]]>
              </value>
            </param>
          </params>
          <reporter-output>
          </reporter-output>
        </test-method> <!-- setup -->
        <test-method status="PASS" signature="addNewCustomer()[pri:0, instance:com.inetbanking.testCases.TC_AddCustomerTest_003@77cd7a0]" name="addNewCustomer" duration-ms="20084" started-at="2018-12-26T14:22:04Z" finished-at="2018-12-26T14:22:24Z">
          <reporter-output>
          </reporter-output>
        </test-method> <!-- addNewCustomer -->
        <test-method status="PASS" signature="tearDown()[pri:0, instance:com.inetbanking.testCases.TC_AddCustomerTest_003@77cd7a0]" name="tearDown" is-config="true" duration-ms="712" started-at="2018-12-26T14:22:24Z" finished-at="2018-12-26T14:22:25Z">
          <reporter-output>
          </reporter-output>
        </test-method> <!-- tearDown -->
      </class> <!-- com.inetbanking.testCases.TC_AddCustomerTest_003 -->
      <class name="com.inetbanking.testCases.TC_SeleniumLogin_004">
        <test-method status="PASS" signature="setup(java.lang.String)[pri:0, instance:com.inetbanking.testCases.TC_SeleniumLogin_004@204f30ec]" name="setup" is-config="true" duration-ms="9822" started-at="2018-12-26T14:22:25Z" finished-at="2018-12-26T14:22:34Z">
          <params>
            <param index="0">
              <value>
                <![CDATA[chrome]]>
              </value>
            </param>
          </params>
          <reporter-output>
          </reporter-output>
        </test-method> <!-- setup -->
        <test-method status="PASS" signature="seleniumtologin()[pri:0, instance:com.inetbanking.testCases.TC_SeleniumLogin_004@204f30ec]" name="seleniumtologin" duration-ms="18067" started-at="2018-12-26T14:22:34Z" finished-at="2018-12-26T14:22:53Z">
          <reporter-output>
          </reporter-output>
        </test-method> <!-- seleniumtologin -->
        <test-method status="PASS" signature="tearDown()[pri:0, instance:com.inetbanking.testCases.TC_SeleniumLogin_004@204f30ec]" name="tearDown" is-config="true" duration-ms="764" started-at="2018-12-26T14:22:53Z" finished-at="2018-12-26T14:22:53Z">
          <reporter-output>
          </reporter-output>
        </test-method> <!-- tearDown -->
      </class> <!-- com.inetbanking.testCases.TC_SeleniumLogin_004 -->
    </test> <!-- BankingApp Test -->
  </suite> <!-- InetBankingV1 -->
</testng-results>
